<?xml version="1.0" encoding="UTF-8"?>
<!-- Generated by org.testng.reporters.JUnitXMLReporter -->
<testsuite ignored="12" hostname="LAPTOP-G8L3U3IR" failures="1" tests="11" name="Default test" time="20.395" errors="0" timestamp="2024-01-19T00:30:30 IST">
  <testcase classname="test.HomePageTest" name="ValidateMakeAnImapct" time="2.425"/>
  <testcase classname="test.HomePageTest" name="ValidateSignUpButton" time="1.401"/>
  <testcase classname="test.HomePageTest" name="ValidateShowMoreButton" time="2.334"/>
  <testcase classname="test.HomePageTest" name="ValidateBrowserImpactTableVisibility" time="0.003"/>
  <testcase classname="test.HomePageTest" name="ValidateLinkOnPage" time="0.534"/>
  <testcase classname="test.HomePageTest" name="ValidateNavigation" time="1.01"/>
  <testcase classname="test.HomePageTest" name="ValidatePageScroll" time="1.009"/>
  <testcase classname="test.AboutUsTest" name="ValidateAboutUsFuntion" time="1.23">
    <failure type="java.lang.AssertionError" message="expected [http://demo-user:Demo%40321!@demo.maanch.com/#AboutUs] but found [http://demo-user:Demo%40321!@demo.maanch.com/]">
      <![CDATA[java.lang.AssertionError: expected [http://demo-user:Demo%40321!@demo.maanch.com/#AboutUs] but found [http://demo-user:Demo%40321!@demo.maanch.com/]
at org.testng.Assert.fail(Assert.java:110)
at org.testng.Assert.failNotEquals(Assert.java:1413)
at org.testng.Assert.assertEqualsImpl(Assert.java:149)
at org.testng.Assert.assertEquals(Assert.java:131)
at org.testng.Assert.assertEquals(Assert.java:655)
at org.testng.Assert.assertEquals(Assert.java:665)
at test.AboutUsTest.ValidateAboutUsFuntion(AboutUsTest.java:32)
at java.base/jdk.internal.reflect.NativeMethodAccessorImpl.invoke0(Native Method)
at java.base/jdk.internal.reflect.NativeMethodAccessorImpl.invoke(NativeMethodAccessorImpl.java:62)
at java.base/jdk.internal.reflect.DelegatingMethodAccessorImpl.invoke(DelegatingMethodAccessorImpl.java:43)
at java.base/java.lang.reflect.Method.invoke(Method.java:566)
at org.testng.internal.invokers.MethodInvocationHelper.invokeMethod(MethodInvocationHelper.java:139)
at org.testng.internal.invokers.TestInvoker.invokeMethod(TestInvoker.java:677)
at org.testng.internal.invokers.TestInvoker.invokeTestMethod(TestInvoker.java:221)
at org.testng.internal.invokers.MethodRunner.runInSequence(MethodRunner.java:50)
at org.testng.internal.invokers.TestInvoker$MethodInvocationAgent.invoke(TestInvoker.java:962)
at org.testng.internal.invokers.TestInvoker.invokeTestMethods(TestInvoker.java:194)
at org.testng.internal.invokers.TestMethodWorker.invokeTestMethods(TestMethodWorker.java:148)
at org.testng.internal.invokers.TestMethodWorker.run(TestMethodWorker.java:128)
at java.base/java.util.ArrayList.forEach(ArrayList.java:1541)
at org.testng.TestRunner.privateRun(TestRunner.java:806)
at org.testng.TestRunner.run(TestRunner.java:601)
at org.testng.SuiteRunner.runTest(SuiteRunner.java:433)
at org.testng.SuiteRunner.runSequentially(SuiteRunner.java:427)
at org.testng.SuiteRunner.privateRun(SuiteRunner.java:387)
at org.testng.SuiteRunner.run(SuiteRunner.java:330)
at org.testng.SuiteRunnerWorker.runSuite(SuiteRunnerWorker.java:52)
at org.testng.SuiteRunnerWorker.run(SuiteRunnerWorker.java:95)
at org.testng.TestNG.runSuitesSequentially(TestNG.java:1256)
at org.testng.TestNG.runSuitesLocally(TestNG.java:1176)
at org.testng.TestNG.runSuites(TestNG.java:1099)
at org.testng.TestNG.run(TestNG.java:1067)
at org.testng.remote.AbstractRemoteTestNG.run(AbstractRemoteTestNG.java:115)
at org.testng.remote.RemoteTestNG.initAndRun(RemoteTestNG.java:251)
at org.testng.remote.RemoteTestNG.main(RemoteTestNG.java:77)
]]>
    </failure>
  </testcase> <!-- ValidateAboutUsFuntion -->
  <testcase classname="test.ImpactTest" name="CheckImpactPg" time="1.169"/>
  <testcase classname="test.LoginTestDemo" name="LoginSignUpTest" time="0.593"/>
  <testcase classname="test.HowItWorkTest" name="CheckHowItWork" time="0.172"/>
  <testcase classname="test.BaseTest" name="@BeforeTest createSession" time="0.0">
    <ignored/>
  </testcase> <!-- @BeforeTest createSession -->
  <testcase classname="test.BaseTest" name="@AfterTest closeSession" time="0.0">
    <ignored/>
  </testcase> <!-- @AfterTest closeSession -->
  <testcase classname="test.BaseTest" name="@AfterTest closeSession" time="0.0">
    <ignored/>
  </testcase> <!-- @AfterTest closeSession -->
  <testcase classname="test.BaseTest" name="@AfterTest closeSession" time="0.0">
    <ignored/>
  </testcase> <!-- @AfterTest closeSession -->
  <testcase classname="test.BaseTest" name="@BeforeTest createSession" time="0.0">
    <ignored/>
  </testcase> <!-- @BeforeTest createSession -->
  <testcase classname="test.BaseTest" name="@BeforeTest createSession" time="0.0">
    <ignored/>
  </testcase> <!-- @BeforeTest createSession -->
  <testcase classname="test.BaseTest" name="@BeforeTest createSession" time="0.0">
    <ignored/>
  </testcase> <!-- @BeforeTest createSession -->
  <testcase classname="test.BaseTest" name="@BeforeTest createSession" time="0.0">
    <ignored/>
  </testcase> <!-- @BeforeTest createSession -->
  <testcase classname="test.BaseTest" name="@AfterTest closeSession" time="0.0">
    <ignored/>
  </testcase> <!-- @AfterTest closeSession -->
  <testcase classname="test.BaseTest" name="@BeforeTest createSession" time="0.0">
    <ignored/>
  </testcase> <!-- @BeforeTest createSession -->
  <testcase classname="test.BaseTest" name="@AfterTest closeSession" time="0.0">
    <ignored/>
  </testcase> <!-- @AfterTest closeSession -->
  <testcase classname="test.BaseTest" name="@AfterTest closeSession" time="0.0">
    <ignored/>
  </testcase> <!-- @AfterTest closeSession -->
</testsuite> <!-- Default test -->
