<html>
<head>
<title>TestNG:  Default test</title>
<link href="../testng.css" rel="stylesheet" type="text/css" />
<link href="../my-testng.css" rel="stylesheet" type="text/css" />

<style type="text/css">
.log { display: none;} 
.stack-trace { display: none;} 
</style>
<script type="text/javascript">
<!--
function flip(e) {
  current = e.style.display;
  if (current == 'block') {
    e.style.display = 'none';
    return 0;
  }
  else {
    e.style.display = 'block';
    return 1;
  }
}

function toggleBox(szDivId, elem, msg1, msg2)
{
  var res = -1;  if (document.getElementById) {
    res = flip(document.getElementById(szDivId));
  }
  else if (document.all) {
    // this is the way old msie versions work
    res = flip(document.all[szDivId]);
  }
  if(elem) {
    if(res == 0) elem.innerHTML = msg1; else elem.innerHTML = msg2;
  }

}

function toggleAllBoxes() {
  if (document.getElementsByTagName) {
    d = document.getElementsByTagName('div');
    for (i = 0; i < d.length; i++) {
      if (d[i].className == 'log') {
        flip(d[i]);
      }
    }
  }
}

// -->
</script>

</head>
<body>
<h2 align='center'>Default test</h2><table border='1' align="center">
<tr>
<td>Tests passed/Failed/Skipped:</td><td>10/1/0</td>
</tr><tr>
<td>Started on:</td><td>Fri Jan 19 00:30:09 IST 2024</td>
</tr>
<tr><td>Total time:</td><td>20 seconds (20395 ms)</td>
</tr><tr>
<td>Included groups:</td><td></td>
</tr><tr>
<td>Excluded groups:</td><td></td>
</tr>
</table><p/>
<small><i>(Hover the method name to see the test class name)</i></small><p/>
<table width='100%' border='1' class='invocation-failed'>
<tr><td colspan='4' align='center'><b>FAILED TESTS</b></td></tr>
<tr><td><b>Test method</b></td>
<td><b>Attribute(s)</b></td>
<td width="30%"><b>Exception</b></td>
<td width="10%"><b>Time (seconds)</b></td>
<td><b>Instance</b></td>
</tr>
<tr>
<td title='test.AboutUsTest.ValidateAboutUsFuntion()'><b>ValidateAboutUsFuntion</b><br>Test class: test.AboutUsTest<br/>
<a href="#Output-490630452" onClick='toggleBox("Output-490630452", this, "Show output", "Hide output");'>Show output</a>

<a href="#Output-490630452" onClick="toggleAllBoxes();">Show all outputs</a>
<div class='log' id="Output-490630452">
AboutUs Page is Open<br/>
About Us Page URL: http://demo-user:Demo%40321!@demo.maanch.com/<br/>
</div>
</td>
<td><div><pre>java.lang.AssertionError: expected [http://demo-user:Demo%40321!@demo.maanch.com/#AboutUs] but found [http://demo-user:Demo%40321!@demo.maanch.com/]
	at org.testng.Assert.fail(Assert.java:110)
	at org.testng.Assert.failNotEquals(Assert.java:1413)
	at org.testng.Assert.assertEqualsImpl(Assert.java:149)
	at org.testng.Assert.assertEquals(Assert.java:131)
	at org.testng.Assert.assertEquals(Assert.java:655)
	at org.testng.Assert.assertEquals(Assert.java:665)
	at test.AboutUsTest.ValidateAboutUsFuntion(AboutUsTest.java:32)
	at java.base/jdk.internal.reflect.NativeMethodAccessorImpl.invoke0(Native Method)
	at java.base/jdk.internal.reflect.NativeMethodAccessorImpl.invoke(NativeMethodAccessorImpl.java:62)
	at java.base/jdk.internal.reflect.DelegatingMethodAccessorImpl.invoke(DelegatingMethodAccessorImpl.java:43)
	at java.base/java.lang.reflect.Method.invoke(Method.java:566)
	at org.testng.internal.invokers.MethodInvocationHelper.invokeMethod(MethodInvocationHelper.java:139)
	at org.testng.internal.invokers.TestInvoker.invokeMethod(TestInvoker.java:677)
	at org.testng.internal.invokers.TestInvoker.invokeTestMethod(TestInvoker.java:221)
	at org.testng.internal.invokers.MethodRunner.runInSequence(MethodRunner.java:50)
	at org.testng.internal.invokers.TestInvoker$MethodInvocationAgent.invoke(TestInvoker.java:962)
	at org.testng.internal.invokers.TestInvoker.invokeTestMethods(TestInvoker.java:194)
	at org.testng.internal.invokers.TestMethodWorker.invokeTestMethods(TestMethodWorker.java:148)
	at org.testng.internal.invokers.TestMethodWorker.run(TestMethodWorker.java:128)
	at java.base/java.util.ArrayList.forEach(ArrayList.java:1541)
	at org.testng.TestRunner.privateRun(TestRunner.java:806)
	at org.testng.TestRunner.run(TestRunner.java:601)
	at org.testng.SuiteRunner.runTest(SuiteRunner.java:433)
	at org.testng.SuiteRunner.runSequentially(SuiteRunner.java:427)
	at org.testng.SuiteRunner.privateRun(SuiteRunner.java:387)
	at org.testng.SuiteRunner.run(SuiteRunner.java:330)
	at org.testng.SuiteRunnerWorker.runSuite(SuiteRunnerWorker.java:52)
	at org.testng.SuiteRunnerWorker.run(SuiteRunnerWorker.java:95)
	at org.testng.TestNG.runSuitesSequentially(TestNG.java:1256)
	at org.testng.TestNG.runSuitesLocally(TestNG.java:1176)
	at org.testng.TestNG.runSuites(TestNG.java:1099)
	at org.testng.TestNG.run(TestNG.java:1067)
	at org.testng.remote.AbstractRemoteTestNG.run(AbstractRemoteTestNG.java:115)
	at org.testng.remote.RemoteTestNG.initAndRun(RemoteTestNG.java:251)
	at org.testng.remote.RemoteTestNG.main(RemoteTestNG.java:77)
</pre></div><a href='#' onClick='toggleBox("stack-trace490630452", this, "Click to show all stack frames", "Click to hide stack frames")'>Click to show all stack frames</a>
<div class='stack-trace' id='stack-trace490630452'><pre>java.lang.AssertionError: expected [http://demo-user:Demo%40321!@demo.maanch.com/#AboutUs] but found [http://demo-user:Demo%40321!@demo.maanch.com/]
	at org.testng.Assert.fail(Assert.java:110)
	at org.testng.Assert.failNotEquals(Assert.java:1413)
	at org.testng.Assert.assertEqualsImpl(Assert.java:149)
	at org.testng.Assert.assertEquals(Assert.java:131)
	at org.testng.Assert.assertEquals(Assert.java:655)
	at org.testng.Assert.assertEquals(Assert.java:665)
	at test.AboutUsTest.ValidateAboutUsFuntion(AboutUsTest.java:32)
	at java.base/jdk.internal.reflect.NativeMethodAccessorImpl.invoke0(Native Method)
	at java.base/jdk.internal.reflect.NativeMethodAccessorImpl.invoke(NativeMethodAccessorImpl.java:62)
	at java.base/jdk.internal.reflect.DelegatingMethodAccessorImpl.invoke(DelegatingMethodAccessorImpl.java:43)
	at java.base/java.lang.reflect.Method.invoke(Method.java:566)
	at org.testng.internal.invokers.MethodInvocationHelper.invokeMethod(MethodInvocationHelper.java:139)
	at org.testng.internal.invokers.TestInvoker.invokeMethod(TestInvoker.java:677)
	at org.testng.internal.invokers.TestInvoker.invokeTestMethod(TestInvoker.java:221)
	at org.testng.internal.invokers.MethodRunner.runInSequence(MethodRunner.java:50)
	at org.testng.internal.invokers.TestInvoker$MethodInvocationAgent.invoke(TestInvoker.java:962)
	at org.testng.internal.invokers.TestInvoker.invokeTestMethods(TestInvoker.java:194)
	at org.testng.internal.invokers.TestMethodWorker.invokeTestMethods(TestMethodWorker.java:148)
	at org.testng.internal.invokers.TestMethodWorker.run(TestMethodWorker.java:128)
	at java.base/java.util.ArrayList.forEach(ArrayList.java:1541)
	at org.testng.TestRunner.privateRun(TestRunner.java:806)
	at org.testng.TestRunner.run(TestRunner.java:601)
	at org.testng.SuiteRunner.runTest(SuiteRunner.java:433)
	at org.testng.SuiteRunner.runSequentially(SuiteRunner.java:427)
	at org.testng.SuiteRunner.privateRun(SuiteRunner.java:387)
	at org.testng.SuiteRunner.run(SuiteRunner.java:330)
	at org.testng.SuiteRunnerWorker.runSuite(SuiteRunnerWorker.java:52)
	at org.testng.SuiteRunnerWorker.run(SuiteRunnerWorker.java:95)
	at org.testng.TestNG.runSuitesSequentially(TestNG.java:1256)
	at org.testng.TestNG.runSuitesLocally(TestNG.java:1176)
	at org.testng.TestNG.runSuites(TestNG.java:1099)
	at org.testng.TestNG.run(TestNG.java:1067)
	at org.testng.remote.AbstractRemoteTestNG.run(AbstractRemoteTestNG.java:115)
	at org.testng.remote.RemoteTestNG.initAndRun(RemoteTestNG.java:251)
	at org.testng.remote.RemoteTestNG.main(RemoteTestNG.java:77)
</pre></div></td>
<td>1</td>
<td>test.AboutUsTest@663c9e7a</td></tr>
</table><p>
<table width='100%' border='1' class='invocation-passed'>
<tr><td colspan='4' align='center'><b>PASSED TESTS</b></td></tr>
<tr><td><b>Test method</b></td>
<td><b>Attribute(s)</b></td>
<td width="30%"><b>Exception</b></td>
<td width="10%"><b>Time (seconds)</b></td>
<td><b>Instance</b></td>
</tr>
<tr>
<td title='test.HomePageTest.ValidateNavigation()'><b>ValidateNavigation</b><br>Test class: test.HomePageTest</td>
<td></td>
<td>1</td>
<td>test.HomePageTest@202b0582</td></tr>
<tr>
<td title='test.HomePageTest.ValidatePageScroll()'><b>ValidatePageScroll</b><br>Test class: test.HomePageTest</td>
<td></td>
<td>1</td>
<td>test.HomePageTest@202b0582</td></tr>
<tr>
<td title='test.HomePageTest.ValidateBrowserImpactTableVisibility()'><b>ValidateBrowserImpactTableVisibility</b><br>Test class: test.HomePageTest</td>
<td></td>
<td>0</td>
<td>test.HomePageTest@202b0582</td></tr>
<tr>
<td title='test.HomePageTest.ValidateLinkOnPage()'><b>ValidateLinkOnPage</b><br>Test class: test.HomePageTest<br/>
<a href="#Output-1805412777" onClick='toggleBox("Output-1805412777", this, "Show output", "Hide output");'>Show output</a>

<a href="#Output-1805412777" onClick="toggleAllBoxes();">Show all outputs</a>
<div class='log' id="Output-1805412777">
Link count is: 25<br/>
<br/>
How it works<br/>
Impact<br/>
About Us<br/>
Login/Sign up<br/>
Make an impact<br/>
Sign Up<br/>
Previous<br/>
Next<br/>
<br/>
<br/>
<br/>
Show more<br/>
NGOs<br/>
Corporates<br/>
Individuals<br/>
Team Maanch<br/>
Our Partners<br/>
Blog<br/>
FAQs<br/>
Fundraising Tips<br/>
Fundraiser Video<br/>
<br/>
<br/>
<br/>
</div>
</td>
<td></td>
<td>0</td>
<td>test.HomePageTest@202b0582</td></tr>
<tr>
<td title='test.HomePageTest.ValidateShowMoreButton()'><b>ValidateShowMoreButton</b><br>Test class: test.HomePageTest</td>
<td></td>
<td>2</td>
<td>test.HomePageTest@202b0582</td></tr>
<tr>
<td title='test.HowItWorkTest.CheckHowItWork()'><b>CheckHowItWork</b><br>Test class: test.HowItWorkTest<br/>
<a href="#Output-933646237" onClick='toggleBox("Output-933646237", this, "Show output", "Hide output");'>Show output</a>

<a href="#Output-933646237" onClick="toggleAllBoxes();">Show all outputs</a>
<div class='log' id="Output-933646237">
http://demo-user:Demo%40321!@demo.maanch.com/login#how-it-works<br/>
How it Page is Opened<br/>
</div>
</td>
<td></td>
<td>0</td>
<td>test.HowItWorkTest@5149d738</td></tr>
<tr>
<td title='test.HomePageTest.ValidateSignUpButton()'><b>ValidateSignUpButton</b><br>Test class: test.HomePageTest</td>
<td></td>
<td>1</td>
<td>test.HomePageTest@202b0582</td></tr>
<tr>
<td title='test.HomePageTest.ValidateMakeAnImapct()'><b>ValidateMakeAnImapct</b><br>Test class: test.HomePageTest</td>
<td></td>
<td>2</td>
<td>test.HomePageTest@202b0582</td></tr>
<tr>
<td title='test.ImpactTest.CheckImpactPg()'><b>CheckImpactPg</b><br>Test class: test.ImpactTest<br/>
<a href="#Output-1450712470" onClick='toggleBox("Output-1450712470", this, "Show output", "Hide output");'>Show output</a>

<a href="#Output-1450712470" onClick="toggleAllBoxes();">Show all outputs</a>
<div class='log' id="Output-1450712470">
Impact Page is openend<br/>
Impact Page URL: http://demo-user:Demo%40321!@demo.maanch.com/#impact<br/>
</div>
</td>
<td></td>
<td>1</td>
<td>test.ImpactTest@19e4653c</td></tr>
<tr>
<td title='test.LoginTestDemo.LoginSignUpTest()'><b>LoginSignUpTest</b><br>Test class: test.LoginTestDemo<br/>
<a href="#Output-1871678080" onClick='toggleBox("Output-1871678080", this, "Show output", "Hide output");'>Show output</a>

<a href="#Output-1871678080" onClick="toggleAllBoxes();">Show all outputs</a>
<div class='log' id="Output-1871678080">
Login to check the latest activities on your profile.<br/>
</div>
</td>
<td></td>
<td>0</td>
<td>test.LoginTestDemo@53045c6c</td></tr>
</table><p>
</body>
</html>